0 info it worked if it ends with ok
1 verbose cli [ '/usr/local/bin/node',
1 verbose cli   '/usr/local/bin/npm',
1 verbose cli   'install',
1 verbose cli   'angularjs',
1 verbose cli   '--save-dev' ]
2 info using npm@3.10.8
3 info using node@v6.9.1
4 silly loadCurrentTree Starting
5 silly install loadCurrentTree
6 silly install readLocalPackageData
7 silly fetchPackageMetaData angularjs@1.5.7
8 silly fetchNamedPackageData angularjs
9 silly mapToRegistry name angularjs
10 silly mapToRegistry using default registry
11 silly mapToRegistry registry https://registry.npmjs.org/
12 silly mapToRegistry data Result {
12 silly mapToRegistry   raw: 'angularjs',
12 silly mapToRegistry   scope: null,
12 silly mapToRegistry   escapedName: 'angularjs',
12 silly mapToRegistry   name: 'angularjs',
12 silly mapToRegistry   rawSpec: '',
12 silly mapToRegistry   spec: 'latest',
12 silly mapToRegistry   type: 'tag' }
13 silly mapToRegistry uri https://registry.npmjs.org/angularjs
14 verbose request uri https://registry.npmjs.org/angularjs
15 verbose request no auth needed
16 info attempt registry request try #1 at 3:39:38 PM
17 verbose request id 829adf1573acf4d3
18 verbose etag W/"57f7a119-769"
19 verbose lastModified Fri, 07 Oct 2016 13:20:25 GMT
20 http request GET https://registry.npmjs.org/angularjs
21 http 304 https://registry.npmjs.org/angularjs
22 verbose headers { date: 'Tue, 27 Dec 2016 23:39:38 GMT',
22 verbose headers   via: '1.1 varnish',
22 verbose headers   'cache-control': 'max-age=300',
22 verbose headers   etag: 'W/"57f7a119-769"',
22 verbose headers   age: '43',
22 verbose headers   connection: 'keep-alive',
22 verbose headers   'x-served-by': 'cache-lax8633-LAX',
22 verbose headers   'x-cache': 'HIT',
22 verbose headers   'x-cache-hits': '1',
22 verbose headers   'x-timer': 'S1482881978.501524,VS0,VE0',
22 verbose headers   vary: 'Accept-Encoding' }
23 silly get cb [ 304,
23 silly get   { date: 'Tue, 27 Dec 2016 23:39:38 GMT',
23 silly get     via: '1.1 varnish',
23 silly get     'cache-control': 'max-age=300',
23 silly get     etag: 'W/"57f7a119-769"',
23 silly get     age: '43',
23 silly get     connection: 'keep-alive',
23 silly get     'x-served-by': 'cache-lax8633-LAX',
23 silly get     'x-cache': 'HIT',
23 silly get     'x-cache-hits': '1',
23 silly get     'x-timer': 'S1482881978.501524,VS0,VE0',
23 silly get     vary: 'Accept-Encoding' } ]
24 verbose etag https://registry.npmjs.org/angularjs from cache
25 verbose get saving angularjs to /Users/tony_trivison/.npm/registry.npmjs.org/angularjs/.cache.json
26 verbose correctMkdir /Users/tony_trivison/.npm correctMkdir not in flight; initializing
27 silly fetchNamedPackageData No valid target from cache, forcing network
28 verbose request uri https://registry.npmjs.org/angularjs
29 verbose request no auth needed
30 info attempt registry request try #1 at 3:39:38 PM
31 http request GET https://registry.npmjs.org/angularjs
32 http 200 https://registry.npmjs.org/angularjs
33 verbose headers { server: 'nginx/1.10.1',
33 verbose headers   'content-type': 'application/json',
33 verbose headers   'last-modified': 'Fri, 07 Oct 2016 13:20:25 GMT',
33 verbose headers   etag: 'W/"57f7a119-769"',
33 verbose headers   'content-encoding': 'gzip',
33 verbose headers   'cache-control': 'max-age=300',
33 verbose headers   'content-length': '772',
33 verbose headers   'accept-ranges': 'bytes',
33 verbose headers   date: 'Tue, 27 Dec 2016 23:39:38 GMT',
33 verbose headers   via: '1.1 varnish',
33 verbose headers   age: '43',
33 verbose headers   connection: 'keep-alive',
33 verbose headers   'x-served-by': 'cache-lax8633-LAX',
33 verbose headers   'x-cache': 'HIT',
33 verbose headers   'x-cache-hits': '2',
33 verbose headers   'x-timer': 'S1482881978.534018,VS0,VE0',
33 verbose headers   vary: 'Accept-Encoding' }
34 silly get cb [ 200,
34 silly get   { server: 'nginx/1.10.1',
34 silly get     'content-type': 'application/json',
34 silly get     'last-modified': 'Fri, 07 Oct 2016 13:20:25 GMT',
34 silly get     etag: 'W/"57f7a119-769"',
34 silly get     'content-encoding': 'gzip',
34 silly get     'cache-control': 'max-age=300',
34 silly get     'content-length': '772',
34 silly get     'accept-ranges': 'bytes',
34 silly get     date: 'Tue, 27 Dec 2016 23:39:38 GMT',
34 silly get     via: '1.1 varnish',
34 silly get     age: '43',
34 silly get     connection: 'keep-alive',
34 silly get     'x-served-by': 'cache-lax8633-LAX',
34 silly get     'x-cache': 'HIT',
34 silly get     'x-cache-hits': '2',
34 silly get     'x-timer': 'S1482881978.534018,VS0,VE0',
34 silly get     vary: 'Accept-Encoding' } ]
35 verbose get saving angularjs to /Users/tony_trivison/.npm/registry.npmjs.org/angularjs/.cache.json
36 verbose correctMkdir /Users/tony_trivison/.npm correctMkdir not in flight; initializing
37 silly fetchPackageMetaData Error: No compatible version found: angularjs@1.5.7
37 silly fetchPackageMetaData Valid install targets:
37 silly fetchPackageMetaData 0.0.1
37 silly fetchPackageMetaData
37 silly fetchPackageMetaData     at pickVersionFromRegistryDocument (/usr/local/lib/node_modules/npm/lib/fetch-package-metadata.js:178:16)
37 silly fetchPackageMetaData     at /usr/local/lib/node_modules/npm/node_modules/iferr/index.js:13:50
37 silly fetchPackageMetaData     at /usr/local/lib/node_modules/npm/lib/utils/pulse-till-done.js:20:8
37 silly fetchPackageMetaData     at saved (/usr/local/lib/node_modules/npm/lib/cache/caching-client.js:174:7)
37 silly fetchPackageMetaData     at /usr/local/lib/node_modules/npm/node_modules/graceful-fs/polyfills.js:233:18
37 silly fetchPackageMetaData     at FSReqWrap.oncomplete (fs.js:123:15)
37 silly fetchPackageMetaData  error for angularjs@1.5.7 { Error: No compatible version found: angularjs@1.5.7
37 silly fetchPackageMetaData Valid install targets:
37 silly fetchPackageMetaData 0.0.1
37 silly fetchPackageMetaData
37 silly fetchPackageMetaData     at pickVersionFromRegistryDocument (/usr/local/lib/node_modules/npm/lib/fetch-package-metadata.js:178:16)
37 silly fetchPackageMetaData     at /usr/local/lib/node_modules/npm/node_modules/iferr/index.js:13:50
37 silly fetchPackageMetaData     at /usr/local/lib/node_modules/npm/lib/utils/pulse-till-done.js:20:8
37 silly fetchPackageMetaData     at saved (/usr/local/lib/node_modules/npm/lib/cache/caching-client.js:174:7)
37 silly fetchPackageMetaData     at /usr/local/lib/node_modules/npm/node_modules/graceful-fs/polyfills.js:233:18
37 silly fetchPackageMetaData     at FSReqWrap.oncomplete (fs.js:123:15) code: 'ETARGET' }
38 silly rollbackFailedOptional Starting
39 silly rollbackFailedOptional Finishing
40 silly runTopLevelLifecycles Finishing
41 silly install printInstalled
42 verbose stack Error: No compatible version found: angularjs@1.5.7
42 verbose stack Valid install targets:
42 verbose stack 0.0.1
42 verbose stack
42 verbose stack     at pickVersionFromRegistryDocument (/usr/local/lib/node_modules/npm/lib/fetch-package-metadata.js:178:16)
42 verbose stack     at /usr/local/lib/node_modules/npm/node_modules/iferr/index.js:13:50
42 verbose stack     at /usr/local/lib/node_modules/npm/lib/utils/pulse-till-done.js:20:8
42 verbose stack     at saved (/usr/local/lib/node_modules/npm/lib/cache/caching-client.js:174:7)
42 verbose stack     at /usr/local/lib/node_modules/npm/node_modules/graceful-fs/polyfills.js:233:18
42 verbose stack     at FSReqWrap.oncomplete (fs.js:123:15)
43 verbose cwd /Users/tony_trivison/bloc/news
44 error Darwin 15.6.0
45 error argv "/usr/local/bin/node" "/usr/local/bin/npm" "install" "angularjs" "--save-dev"
46 error node v6.9.1
47 error npm  v3.10.8
48 error code ETARGET
49 error notarget No compatible version found: angularjs@1.5.7
49 error notarget Valid install targets:
49 error notarget 0.0.1
50 error notarget This is most likely not a problem with npm itself.
50 error notarget In most cases you or one of your dependencies are requesting
50 error notarget a package version that doesn't exist.
51 verbose exit [ 1, true ]
